
--- 2023-11-22T10:38:16.960Z debug
🐛 Writing logs to ".wrangler\logs\wrangler-2023-11-22_10-38-16_630.log"
---

--- 2023-11-22T10:38:16.959Z debug
Retrieving cached values for account_id and project_name from node_modules\.cache\wrangler
---

--- 2023-11-22T10:38:17.524Z warn
[33m▲ [43;33m[[43;30mWARNING[43;33m][0m [1mWarning: Your working directory is a git repo and has uncommitted changes[0m

  To silence this warning, pass in --commit-dirty=true


---

--- 2023-11-22T10:38:17.528Z debug
-- START CF API REQUEST: GET https://api.cloudflare.com/client/v4/accounts/f0ef7d37be634f31e9d7dedbe3391d27/pages/projects/borcad
---

--- 2023-11-22T10:38:17.529Z debug
HEADERS: omitted; set WRANGLER_LOG_SANITIZE=false to include sanitized data
---

--- 2023-11-22T10:38:17.529Z debug
INIT: omitted; set WRANGLER_LOG_SANITIZE=false to include sanitized data
---

--- 2023-11-22T10:38:17.529Z debug
-- END CF API REQUEST
---

--- 2023-11-22T10:38:18.347Z debug
-- START CF API RESPONSE: OK 200
---

--- 2023-11-22T10:38:18.348Z debug
HEADERS: omitted; set WRANGLER_LOG_SANITIZE=false to include sanitized data
---

--- 2023-11-22T10:38:18.348Z debug
RESPONSE: omitted; set WRANGLER_LOG_SANITIZE=false to include sanitized data
---

--- 2023-11-22T10:38:18.348Z debug
-- END CF API RESPONSE
---

--- 2023-11-22T10:38:18.376Z debug
-- START CF API REQUEST: GET https://api.cloudflare.com/client/v4/accounts/f0ef7d37be634f31e9d7dedbe3391d27/pages/projects/borcad/upload-token
---

--- 2023-11-22T10:38:18.376Z debug
HEADERS: omitted; set WRANGLER_LOG_SANITIZE=false to include sanitized data
---

--- 2023-11-22T10:38:18.376Z debug
INIT: omitted; set WRANGLER_LOG_SANITIZE=false to include sanitized data
---

--- 2023-11-22T10:38:18.376Z debug
-- END CF API REQUEST
---

--- 2023-11-22T10:38:18.683Z debug
-- START CF API RESPONSE: OK 200
---

--- 2023-11-22T10:38:18.684Z debug
HEADERS: omitted; set WRANGLER_LOG_SANITIZE=false to include sanitized data
---

--- 2023-11-22T10:38:18.684Z debug
RESPONSE: omitted; set WRANGLER_LOG_SANITIZE=false to include sanitized data
---

--- 2023-11-22T10:38:18.684Z debug
-- END CF API RESPONSE
---

--- 2023-11-22T10:38:18.684Z debug
-- START CF API REQUEST: POST https://api.cloudflare.com/client/v4/pages/assets/check-missing
---

--- 2023-11-22T10:38:18.684Z debug
HEADERS: omitted; set WRANGLER_LOG_SANITIZE=false to include sanitized data
---

--- 2023-11-22T10:38:18.684Z debug
INIT: omitted; set WRANGLER_LOG_SANITIZE=false to include sanitized data
---

--- 2023-11-22T10:38:18.684Z debug
-- END CF API REQUEST
---

--- 2023-11-22T10:38:19.100Z debug
-- START CF API RESPONSE: OK 200
---

--- 2023-11-22T10:38:19.101Z debug
HEADERS: omitted; set WRANGLER_LOG_SANITIZE=false to include sanitized data
---

--- 2023-11-22T10:38:19.101Z debug
RESPONSE: omitted; set WRANGLER_LOG_SANITIZE=false to include sanitized data
---

--- 2023-11-22T10:38:19.101Z debug
-- END CF API RESPONSE
---

--- 2023-11-22T10:38:19.135Z log
✨ Success! Uploaded 0 files (26 already uploaded) (0.45 sec)

---

--- 2023-11-22T10:38:19.136Z debug
-- START CF API REQUEST: POST https://api.cloudflare.com/client/v4/pages/assets/upsert-hashes
---

--- 2023-11-22T10:38:19.136Z debug
HEADERS: omitted; set WRANGLER_LOG_SANITIZE=false to include sanitized data
---

--- 2023-11-22T10:38:19.136Z debug
INIT: omitted; set WRANGLER_LOG_SANITIZE=false to include sanitized data
---

--- 2023-11-22T10:38:19.136Z debug
-- END CF API REQUEST
---

--- 2023-11-22T10:38:19.736Z debug
-- START CF API RESPONSE: OK 200
---

--- 2023-11-22T10:38:19.736Z debug
HEADERS: omitted; set WRANGLER_LOG_SANITIZE=false to include sanitized data
---

--- 2023-11-22T10:38:19.736Z debug
RESPONSE: omitted; set WRANGLER_LOG_SANITIZE=false to include sanitized data
---

--- 2023-11-22T10:38:19.736Z debug
-- END CF API RESPONSE
---

--- 2023-11-22T10:38:19.739Z log
✨ Uploading _headers
---

--- 2023-11-22T10:38:19.739Z debug
-- START CF API REQUEST: POST https://api.cloudflare.com/client/v4/accounts/f0ef7d37be634f31e9d7dedbe3391d27/pages/projects/borcad/deployments
---

--- 2023-11-22T10:38:19.739Z debug
HEADERS: omitted; set WRANGLER_LOG_SANITIZE=false to include sanitized data
---

--- 2023-11-22T10:38:19.739Z debug
INIT: omitted; set WRANGLER_LOG_SANITIZE=false to include sanitized data
---

--- 2023-11-22T10:38:19.739Z debug
-- END CF API REQUEST
---

--- 2023-11-22T10:38:20.396Z debug
-- START CF API RESPONSE: OK 200
---

--- 2023-11-22T10:38:20.396Z debug
HEADERS: omitted; set WRANGLER_LOG_SANITIZE=false to include sanitized data
---

--- 2023-11-22T10:38:20.396Z debug
RESPONSE: omitted; set WRANGLER_LOG_SANITIZE=false to include sanitized data
---

--- 2023-11-22T10:38:20.396Z debug
-- END CF API RESPONSE
---

--- 2023-11-22T10:38:20.396Z debug
Saving to cache: {"account_id":"f0ef7d37be634f31e9d7dedbe3391d27","project_name":"borcad"}
---

--- 2023-11-22T10:38:20.397Z log
✨ Deployment complete! Take a peek over at https://5519b9aa.borcad.pages.dev
---

--- 2023-11-22T10:38:20.399Z debug
Metrics dispatcher: Posting data {"type":"event","name":"create pages deployment","properties":{}}
---
