
--- 2023-11-22T13:28:02.649Z debug
🐛 Writing logs to ".wrangler\logs\wrangler-2023-11-22_13-28-02_352.log"
---

--- 2023-11-22T13:28:02.649Z debug
Retrieving cached values for account_id and project_name from node_modules\.cache\wrangler
---

--- 2023-11-22T13:28:03.537Z warn
[33m▲ [43;33m[[43;30mWARNING[43;33m][0m [1mWarning: Your working directory is a git repo and has uncommitted changes[0m

  To silence this warning, pass in --commit-dirty=true


---

--- 2023-11-22T13:28:03.540Z debug
-- START CF API REQUEST: GET https://api.cloudflare.com/client/v4/accounts/f0ef7d37be634f31e9d7dedbe3391d27/pages/projects/borcad
---

--- 2023-11-22T13:28:03.540Z debug
HEADERS: omitted; set WRANGLER_LOG_SANITIZE=false to include sanitized data
---

--- 2023-11-22T13:28:03.540Z debug
INIT: omitted; set WRANGLER_LOG_SANITIZE=false to include sanitized data
---

--- 2023-11-22T13:28:03.540Z debug
-- END CF API REQUEST
---

--- 2023-11-22T13:28:04.743Z debug
-- START CF API RESPONSE: OK 200
---

--- 2023-11-22T13:28:04.744Z debug
HEADERS: omitted; set WRANGLER_LOG_SANITIZE=false to include sanitized data
---

--- 2023-11-22T13:28:04.744Z debug
RESPONSE: omitted; set WRANGLER_LOG_SANITIZE=false to include sanitized data
---

--- 2023-11-22T13:28:04.744Z debug
-- END CF API RESPONSE
---

--- 2023-11-22T13:28:05.939Z log
✨ Compiled Worker successfully
---

--- 2023-11-22T13:28:05.967Z debug
-- START CF API REQUEST: GET https://api.cloudflare.com/client/v4/accounts/f0ef7d37be634f31e9d7dedbe3391d27/pages/projects/borcad/upload-token
---

--- 2023-11-22T13:28:05.967Z debug
HEADERS: omitted; set WRANGLER_LOG_SANITIZE=false to include sanitized data
---

--- 2023-11-22T13:28:05.967Z debug
INIT: omitted; set WRANGLER_LOG_SANITIZE=false to include sanitized data
---

--- 2023-11-22T13:28:05.967Z debug
-- END CF API REQUEST
---

--- 2023-11-22T13:28:06.329Z debug
-- START CF API RESPONSE: OK 200
---

--- 2023-11-22T13:28:06.330Z debug
HEADERS: omitted; set WRANGLER_LOG_SANITIZE=false to include sanitized data
---

--- 2023-11-22T13:28:06.330Z debug
RESPONSE: omitted; set WRANGLER_LOG_SANITIZE=false to include sanitized data
---

--- 2023-11-22T13:28:06.330Z debug
-- END CF API RESPONSE
---

--- 2023-11-22T13:28:06.330Z debug
-- START CF API REQUEST: POST https://api.cloudflare.com/client/v4/pages/assets/check-missing
---

--- 2023-11-22T13:28:06.330Z debug
HEADERS: omitted; set WRANGLER_LOG_SANITIZE=false to include sanitized data
---

--- 2023-11-22T13:28:06.330Z debug
INIT: omitted; set WRANGLER_LOG_SANITIZE=false to include sanitized data
---

--- 2023-11-22T13:28:06.330Z debug
-- END CF API REQUEST
---

--- 2023-11-22T13:28:06.949Z debug
-- START CF API RESPONSE: OK 200
---

--- 2023-11-22T13:28:06.950Z debug
HEADERS: omitted; set WRANGLER_LOG_SANITIZE=false to include sanitized data
---

--- 2023-11-22T13:28:06.950Z debug
RESPONSE: omitted; set WRANGLER_LOG_SANITIZE=false to include sanitized data
---

--- 2023-11-22T13:28:06.950Z debug
-- END CF API RESPONSE
---

--- 2023-11-22T13:28:06.972Z debug
POST /pages/assets/upload
---

--- 2023-11-22T13:28:06.973Z debug
-- START CF API REQUEST: POST https://api.cloudflare.com/client/v4/pages/assets/upload
---

--- 2023-11-22T13:28:06.973Z debug
HEADERS: omitted; set WRANGLER_LOG_SANITIZE=false to include sanitized data
---

--- 2023-11-22T13:28:06.973Z debug
INIT: omitted; set WRANGLER_LOG_SANITIZE=false to include sanitized data
---

--- 2023-11-22T13:28:06.974Z debug
-- END CF API REQUEST
---

--- 2023-11-22T13:28:06.976Z debug
POST /pages/assets/upload
---

--- 2023-11-22T13:28:06.979Z debug
-- START CF API REQUEST: POST https://api.cloudflare.com/client/v4/pages/assets/upload
---

--- 2023-11-22T13:28:06.979Z debug
HEADERS: omitted; set WRANGLER_LOG_SANITIZE=false to include sanitized data
---

--- 2023-11-22T13:28:06.981Z debug
INIT: omitted; set WRANGLER_LOG_SANITIZE=false to include sanitized data
---

--- 2023-11-22T13:28:06.981Z debug
-- END CF API REQUEST
---

--- 2023-11-22T13:28:06.986Z debug
POST /pages/assets/upload
---

--- 2023-11-22T13:28:06.986Z debug
-- START CF API REQUEST: POST https://api.cloudflare.com/client/v4/pages/assets/upload
---

--- 2023-11-22T13:28:06.990Z debug
HEADERS: omitted; set WRANGLER_LOG_SANITIZE=false to include sanitized data
---

--- 2023-11-22T13:28:06.991Z debug
INIT: omitted; set WRANGLER_LOG_SANITIZE=false to include sanitized data
---

--- 2023-11-22T13:28:06.991Z debug
-- END CF API REQUEST
---

--- 2023-11-22T13:28:07.900Z debug
-- START CF API RESPONSE: OK 200
---

--- 2023-11-22T13:28:07.900Z debug
HEADERS: omitted; set WRANGLER_LOG_SANITIZE=false to include sanitized data
---

--- 2023-11-22T13:28:07.900Z debug
RESPONSE: omitted; set WRANGLER_LOG_SANITIZE=false to include sanitized data
---

--- 2023-11-22T13:28:07.900Z debug
-- END CF API RESPONSE
---

--- 2023-11-22T13:28:07.900Z debug
result: null
---

--- 2023-11-22T13:28:08.233Z debug
-- START CF API RESPONSE: OK 200
---

--- 2023-11-22T13:28:08.234Z debug
HEADERS: omitted; set WRANGLER_LOG_SANITIZE=false to include sanitized data
---

--- 2023-11-22T13:28:08.234Z debug
RESPONSE: omitted; set WRANGLER_LOG_SANITIZE=false to include sanitized data
---

--- 2023-11-22T13:28:08.234Z debug
-- END CF API RESPONSE
---

--- 2023-11-22T13:28:08.234Z debug
result: null
---

--- 2023-11-22T13:28:09.526Z debug
-- START CF API RESPONSE: OK 200
---

--- 2023-11-22T13:28:09.526Z debug
HEADERS: omitted; set WRANGLER_LOG_SANITIZE=false to include sanitized data
---

--- 2023-11-22T13:28:09.526Z debug
RESPONSE: omitted; set WRANGLER_LOG_SANITIZE=false to include sanitized data
---

--- 2023-11-22T13:28:09.526Z debug
-- END CF API RESPONSE
---

--- 2023-11-22T13:28:09.526Z debug
result: null
---

--- 2023-11-22T13:28:09.530Z log
✨ Success! Uploaded 9 files (17 already uploaded) (3.20 sec)

---

--- 2023-11-22T13:28:09.531Z debug
-- START CF API REQUEST: POST https://api.cloudflare.com/client/v4/pages/assets/upsert-hashes
---

--- 2023-11-22T13:28:09.531Z debug
HEADERS: omitted; set WRANGLER_LOG_SANITIZE=false to include sanitized data
---

--- 2023-11-22T13:28:09.531Z debug
INIT: omitted; set WRANGLER_LOG_SANITIZE=false to include sanitized data
---

--- 2023-11-22T13:28:09.531Z debug
-- END CF API REQUEST
---

--- 2023-11-22T13:28:09.930Z debug
-- START CF API RESPONSE: OK 200
---

--- 2023-11-22T13:28:09.931Z debug
HEADERS: omitted; set WRANGLER_LOG_SANITIZE=false to include sanitized data
---

--- 2023-11-22T13:28:09.931Z debug
RESPONSE: omitted; set WRANGLER_LOG_SANITIZE=false to include sanitized data
---

--- 2023-11-22T13:28:09.931Z debug
-- END CF API RESPONSE
---

--- 2023-11-22T13:28:09.932Z log
✨ Uploading _headers
---

--- 2023-11-22T13:28:09.966Z log
✨ Uploading Functions bundle
---

--- 2023-11-22T13:28:09.967Z debug
-- START CF API REQUEST: POST https://api.cloudflare.com/client/v4/accounts/f0ef7d37be634f31e9d7dedbe3391d27/pages/projects/borcad/deployments
---

--- 2023-11-22T13:28:09.967Z debug
HEADERS: omitted; set WRANGLER_LOG_SANITIZE=false to include sanitized data
---

--- 2023-11-22T13:28:09.967Z debug
INIT: omitted; set WRANGLER_LOG_SANITIZE=false to include sanitized data
---

--- 2023-11-22T13:28:09.967Z debug
-- END CF API REQUEST
---

--- 2023-11-22T13:28:13.906Z debug
-- START CF API RESPONSE: OK 200
---

--- 2023-11-22T13:28:13.906Z debug
HEADERS: omitted; set WRANGLER_LOG_SANITIZE=false to include sanitized data
---

--- 2023-11-22T13:28:13.906Z debug
RESPONSE: omitted; set WRANGLER_LOG_SANITIZE=false to include sanitized data
---

--- 2023-11-22T13:28:13.906Z debug
-- END CF API RESPONSE
---

--- 2023-11-22T13:28:13.906Z debug
Saving to cache: {"account_id":"f0ef7d37be634f31e9d7dedbe3391d27","project_name":"borcad"}
---

--- 2023-11-22T13:28:13.907Z log
✨ Deployment complete! Take a peek over at https://053f0e45.borcad.pages.dev
---

--- 2023-11-22T13:28:13.909Z debug
Metrics dispatcher: Posting data {"type":"event","name":"create pages deployment","properties":{}}
---
