
--- 2023-11-22T10:09:35.008Z debug
🐛 Writing logs to ".wrangler\logs\wrangler-2023-11-22_10-09-34_227.log"
---

--- 2023-11-22T10:09:35.008Z log
Attempting to login via OAuth...
---

--- 2023-11-22T10:09:35.066Z log
Opening a link in your default browser: https://dash.cloudflare.com/oauth2/auth?response_type=code&client_id=54d11594-84e4-41aa-b438-e81b8fa78ee7&redirect_uri=http%3A%2F%2Flocalhost%3A8976%2Foauth%2Fcallback&scope=account%3Aread%20user%3Aread%20workers%3Awrite%20workers_kv%3Awrite%20workers_routes%3Awrite%20workers_scripts%3Awrite%20workers_tail%3Aread%20d1%3Awrite%20pages%3Awrite%20zone%3Aread%20ssl_certs%3Awrite%20constellation%3Awrite%20ai%3Aread%20offline_access&state=SN9BW-Jhrgzvn_Ya6it-Xdf474I5l7hO&code_challenge=Moo_KxKOMiTxdgffqAdJUkYIWhXJmfNVspt-iunf8s8&code_challenge_method=S256
---

--- 2023-11-22T10:10:36.471Z debug
Checking if domain has Access enabled: dash.cloudflare.com
---

--- 2023-11-22T10:10:36.471Z debug
Access switch not cached for: dash.cloudflare.com
---

--- 2023-11-22T10:10:36.690Z debug
Caching access switch for: dash.cloudflare.com
---

--- 2023-11-22T10:10:37.089Z log
Successfully logged in.
---

--- 2023-11-22T10:10:42.115Z debug
-- START CF API REQUEST: GET https://api.cloudflare.com/client/v4/memberships?page=1
---

--- 2023-11-22T10:10:42.115Z debug
HEADERS: omitted; set WRANGLER_LOG_SANITIZE=false to include sanitized data
---

--- 2023-11-22T10:10:42.115Z debug
INIT: omitted; set WRANGLER_LOG_SANITIZE=false to include sanitized data
---

--- 2023-11-22T10:10:42.115Z debug
-- END CF API REQUEST
---

--- 2023-11-22T10:10:42.608Z debug
-- START CF API RESPONSE: OK 200
---

--- 2023-11-22T10:10:42.609Z debug
HEADERS: omitted; set WRANGLER_LOG_SANITIZE=false to include sanitized data
---

--- 2023-11-22T10:10:42.609Z debug
RESPONSE: omitted; set WRANGLER_LOG_SANITIZE=false to include sanitized data
---

--- 2023-11-22T10:10:42.609Z debug
-- END CF API RESPONSE
---

--- 2023-11-22T10:10:42.610Z debug
Saving to cache: {"account":{"id":"f0ef7d37be634f31e9d7dedbe3391d27","name":"Huy2851772001@gmail.com's Account"}}
---

--- 2023-11-22T10:10:42.612Z debug
-- START CF API REQUEST: GET https://api.cloudflare.com/client/v4/accounts/f0ef7d37be634f31e9d7dedbe3391d27/pages/projects?per_page=10&page=1
---

--- 2023-11-22T10:10:42.612Z debug
HEADERS: omitted; set WRANGLER_LOG_SANITIZE=false to include sanitized data
---

--- 2023-11-22T10:10:42.612Z debug
INIT: omitted; set WRANGLER_LOG_SANITIZE=false to include sanitized data
---

--- 2023-11-22T10:10:42.612Z debug
-- END CF API REQUEST
---

--- 2023-11-22T10:10:43.180Z debug
-- START CF API RESPONSE: OK 200
---

--- 2023-11-22T10:10:43.180Z debug
HEADERS: omitted; set WRANGLER_LOG_SANITIZE=false to include sanitized data
---

--- 2023-11-22T10:10:43.180Z debug
RESPONSE: omitted; set WRANGLER_LOG_SANITIZE=false to include sanitized data
---

--- 2023-11-22T10:10:43.180Z debug
-- END CF API RESPONSE
---

--- 2023-11-22T10:11:04.989Z debug
-- START CF API REQUEST: POST https://api.cloudflare.com/client/v4/accounts/f0ef7d37be634f31e9d7dedbe3391d27/pages/projects
---

--- 2023-11-22T10:11:04.990Z debug
HEADERS: omitted; set WRANGLER_LOG_SANITIZE=false to include sanitized data
---

--- 2023-11-22T10:11:04.990Z debug
INIT: omitted; set WRANGLER_LOG_SANITIZE=false to include sanitized data
---

--- 2023-11-22T10:11:04.990Z debug
-- END CF API REQUEST
---
