
--- 2023-11-22T10:37:20.924Z debug
🐛 Writing logs to ".wrangler\logs\wrangler-2023-11-22_10-37-20_606.log"
---

--- 2023-11-22T10:37:20.924Z debug
Retrieving cached values for account_id and project_name from node_modules\.cache\wrangler
---

--- 2023-11-22T10:37:21.466Z warn
[33m▲ [43;33m[[43;30mWARNING[43;33m][0m [1mWarning: Your working directory is a git repo and has uncommitted changes[0m

  To silence this warning, pass in --commit-dirty=true


---

--- 2023-11-22T10:37:21.469Z debug
-- START CF API REQUEST: GET https://api.cloudflare.com/client/v4/accounts/f0ef7d37be634f31e9d7dedbe3391d27/pages/projects/borcad
---

--- 2023-11-22T10:37:21.469Z debug
HEADERS: omitted; set WRANGLER_LOG_SANITIZE=false to include sanitized data
---

--- 2023-11-22T10:37:21.469Z debug
INIT: omitted; set WRANGLER_LOG_SANITIZE=false to include sanitized data
---

--- 2023-11-22T10:37:21.469Z debug
-- END CF API REQUEST
---

--- 2023-11-22T10:37:22.037Z debug
-- START CF API RESPONSE: OK 200
---

--- 2023-11-22T10:37:22.039Z debug
HEADERS: omitted; set WRANGLER_LOG_SANITIZE=false to include sanitized data
---

--- 2023-11-22T10:37:22.039Z debug
RESPONSE: omitted; set WRANGLER_LOG_SANITIZE=false to include sanitized data
---

--- 2023-11-22T10:37:22.039Z debug
-- END CF API RESPONSE
---

--- 2023-11-22T10:37:22.070Z debug
-- START CF API REQUEST: GET https://api.cloudflare.com/client/v4/accounts/f0ef7d37be634f31e9d7dedbe3391d27/pages/projects/borcad/upload-token
---

--- 2023-11-22T10:37:22.071Z debug
HEADERS: omitted; set WRANGLER_LOG_SANITIZE=false to include sanitized data
---

--- 2023-11-22T10:37:22.071Z debug
INIT: omitted; set WRANGLER_LOG_SANITIZE=false to include sanitized data
---

--- 2023-11-22T10:37:22.071Z debug
-- END CF API REQUEST
---

--- 2023-11-22T10:37:22.394Z debug
-- START CF API RESPONSE: OK 200
---

--- 2023-11-22T10:37:22.394Z debug
HEADERS: omitted; set WRANGLER_LOG_SANITIZE=false to include sanitized data
---

--- 2023-11-22T10:37:22.394Z debug
RESPONSE: omitted; set WRANGLER_LOG_SANITIZE=false to include sanitized data
---

--- 2023-11-22T10:37:22.394Z debug
-- END CF API RESPONSE
---

--- 2023-11-22T10:37:22.394Z debug
-- START CF API REQUEST: POST https://api.cloudflare.com/client/v4/pages/assets/check-missing
---

--- 2023-11-22T10:37:22.394Z debug
HEADERS: omitted; set WRANGLER_LOG_SANITIZE=false to include sanitized data
---

--- 2023-11-22T10:37:22.394Z debug
INIT: omitted; set WRANGLER_LOG_SANITIZE=false to include sanitized data
---

--- 2023-11-22T10:37:22.395Z debug
-- END CF API REQUEST
---

--- 2023-11-22T10:37:22.946Z debug
-- START CF API RESPONSE: OK 200
---

--- 2023-11-22T10:37:22.946Z debug
HEADERS: omitted; set WRANGLER_LOG_SANITIZE=false to include sanitized data
---

--- 2023-11-22T10:37:22.946Z debug
RESPONSE: omitted; set WRANGLER_LOG_SANITIZE=false to include sanitized data
---

--- 2023-11-22T10:37:22.946Z debug
-- END CF API RESPONSE
---

--- 2023-11-22T10:37:22.969Z debug
POST /pages/assets/upload
---

--- 2023-11-22T10:37:22.971Z debug
-- START CF API REQUEST: POST https://api.cloudflare.com/client/v4/pages/assets/upload
---

--- 2023-11-22T10:37:22.971Z debug
HEADERS: omitted; set WRANGLER_LOG_SANITIZE=false to include sanitized data
---

--- 2023-11-22T10:37:22.972Z debug
INIT: omitted; set WRANGLER_LOG_SANITIZE=false to include sanitized data
---

--- 2023-11-22T10:37:22.972Z debug
-- END CF API REQUEST
---

--- 2023-11-22T10:37:22.976Z debug
POST /pages/assets/upload
---

--- 2023-11-22T10:37:22.976Z debug
-- START CF API REQUEST: POST https://api.cloudflare.com/client/v4/pages/assets/upload
---

--- 2023-11-22T10:37:22.976Z debug
HEADERS: omitted; set WRANGLER_LOG_SANITIZE=false to include sanitized data
---

--- 2023-11-22T10:37:22.976Z debug
INIT: omitted; set WRANGLER_LOG_SANITIZE=false to include sanitized data
---

--- 2023-11-22T10:37:22.976Z debug
-- END CF API REQUEST
---

--- 2023-11-22T10:37:22.980Z debug
POST /pages/assets/upload
---

--- 2023-11-22T10:37:22.980Z debug
-- START CF API REQUEST: POST https://api.cloudflare.com/client/v4/pages/assets/upload
---

--- 2023-11-22T10:37:22.980Z debug
HEADERS: omitted; set WRANGLER_LOG_SANITIZE=false to include sanitized data
---

--- 2023-11-22T10:37:22.980Z debug
INIT: omitted; set WRANGLER_LOG_SANITIZE=false to include sanitized data
---

--- 2023-11-22T10:37:22.980Z debug
-- END CF API REQUEST
---

--- 2023-11-22T10:37:24.276Z debug
-- START CF API RESPONSE: OK 200
---

--- 2023-11-22T10:37:24.277Z debug
HEADERS: omitted; set WRANGLER_LOG_SANITIZE=false to include sanitized data
---

--- 2023-11-22T10:37:24.277Z debug
RESPONSE: omitted; set WRANGLER_LOG_SANITIZE=false to include sanitized data
---

--- 2023-11-22T10:37:24.277Z debug
-- END CF API RESPONSE
---

--- 2023-11-22T10:37:24.277Z debug
result: null
---

--- 2023-11-22T10:37:24.892Z debug
-- START CF API RESPONSE: OK 200
---

--- 2023-11-22T10:37:24.893Z debug
HEADERS: omitted; set WRANGLER_LOG_SANITIZE=false to include sanitized data
---

--- 2023-11-22T10:37:24.893Z debug
RESPONSE: omitted; set WRANGLER_LOG_SANITIZE=false to include sanitized data
---

--- 2023-11-22T10:37:24.893Z debug
-- END CF API RESPONSE
---

--- 2023-11-22T10:37:24.893Z debug
result: null
---

--- 2023-11-22T10:37:25.483Z debug
-- START CF API RESPONSE: OK 200
---

--- 2023-11-22T10:37:25.484Z debug
HEADERS: omitted; set WRANGLER_LOG_SANITIZE=false to include sanitized data
---

--- 2023-11-22T10:37:25.484Z debug
RESPONSE: omitted; set WRANGLER_LOG_SANITIZE=false to include sanitized data
---

--- 2023-11-22T10:37:25.484Z debug
-- END CF API RESPONSE
---

--- 2023-11-22T10:37:25.484Z debug
result: null
---

--- 2023-11-22T10:37:25.487Z log
✨ Success! Uploaded 26 files (3.09 sec)

---

--- 2023-11-22T10:37:25.489Z debug
-- START CF API REQUEST: POST https://api.cloudflare.com/client/v4/pages/assets/upsert-hashes
---

--- 2023-11-22T10:37:25.489Z debug
HEADERS: omitted; set WRANGLER_LOG_SANITIZE=false to include sanitized data
---

--- 2023-11-22T10:37:25.489Z debug
INIT: omitted; set WRANGLER_LOG_SANITIZE=false to include sanitized data
---

--- 2023-11-22T10:37:25.489Z debug
-- END CF API REQUEST
---

--- 2023-11-22T10:37:26.073Z debug
-- START CF API RESPONSE: OK 200
---

--- 2023-11-22T10:37:26.073Z debug
HEADERS: omitted; set WRANGLER_LOG_SANITIZE=false to include sanitized data
---

--- 2023-11-22T10:37:26.073Z debug
RESPONSE: omitted; set WRANGLER_LOG_SANITIZE=false to include sanitized data
---

--- 2023-11-22T10:37:26.073Z debug
-- END CF API RESPONSE
---

--- 2023-11-22T10:37:26.075Z log
✨ Uploading _headers
---

--- 2023-11-22T10:37:26.076Z debug
-- START CF API REQUEST: POST https://api.cloudflare.com/client/v4/accounts/f0ef7d37be634f31e9d7dedbe3391d27/pages/projects/borcad/deployments
---

--- 2023-11-22T10:37:26.076Z debug
HEADERS: omitted; set WRANGLER_LOG_SANITIZE=false to include sanitized data
---

--- 2023-11-22T10:37:26.076Z debug
INIT: omitted; set WRANGLER_LOG_SANITIZE=false to include sanitized data
---

--- 2023-11-22T10:37:26.076Z debug
-- END CF API REQUEST
---

--- 2023-11-22T10:37:26.741Z debug
-- START CF API RESPONSE: OK 200
---

--- 2023-11-22T10:37:26.741Z debug
HEADERS: omitted; set WRANGLER_LOG_SANITIZE=false to include sanitized data
---

--- 2023-11-22T10:37:26.741Z debug
RESPONSE: omitted; set WRANGLER_LOG_SANITIZE=false to include sanitized data
---

--- 2023-11-22T10:37:26.741Z debug
-- END CF API RESPONSE
---

--- 2023-11-22T10:37:26.742Z debug
Saving to cache: {"account_id":"f0ef7d37be634f31e9d7dedbe3391d27","project_name":"borcad"}
---

--- 2023-11-22T10:37:26.743Z log
✨ Deployment complete! Take a peek over at https://e094f913.borcad.pages.dev
---

--- 2023-11-22T10:37:26.747Z debug
Metrics dispatcher: Posting data {"type":"event","name":"create pages deployment","properties":{}}
---
