
--- 2023-11-22T10:53:12.509Z debug
🐛 Writing logs to ".wrangler\logs\wrangler-2023-11-22_10-53-12_181.log"
---

--- 2023-11-22T10:53:12.509Z debug
Retrieving cached values for account_id and project_name from node_modules\.cache\wrangler
---

--- 2023-11-22T10:53:13.024Z warn
[33m▲ [43;33m[[43;30mWARNING[43;33m][0m [1mWarning: Your working directory is a git repo and has uncommitted changes[0m

  To silence this warning, pass in --commit-dirty=true


---

--- 2023-11-22T10:53:13.028Z debug
-- START CF API REQUEST: GET https://api.cloudflare.com/client/v4/accounts/f0ef7d37be634f31e9d7dedbe3391d27/pages/projects/borcad
---

--- 2023-11-22T10:53:13.028Z debug
HEADERS: omitted; set WRANGLER_LOG_SANITIZE=false to include sanitized data
---

--- 2023-11-22T10:53:13.028Z debug
INIT: omitted; set WRANGLER_LOG_SANITIZE=false to include sanitized data
---

--- 2023-11-22T10:53:13.028Z debug
-- END CF API REQUEST
---

--- 2023-11-22T10:53:14.765Z debug
-- START CF API RESPONSE: OK 200
---

--- 2023-11-22T10:53:14.765Z debug
HEADERS: omitted; set WRANGLER_LOG_SANITIZE=false to include sanitized data
---

--- 2023-11-22T10:53:14.765Z debug
RESPONSE: omitted; set WRANGLER_LOG_SANITIZE=false to include sanitized data
---

--- 2023-11-22T10:53:14.765Z debug
-- END CF API RESPONSE
---
